2020-08-19T12:27:29+00:00 CRITICAL Uncaught Error: Call to undefined method League\Container\Definition\Definition::withArgument() in /home/admin/web/infinitydevz.com/public_html/wp-content/plugins/wp-rocket/inc/classes/ServiceProvider/class-admin-subscribers.php:41
Stack trace:
#0 /home/admin/web/infinitydevz.com/public_html/wp-content/plugins/woocommerce/vendor/league/container/src/ServiceProvider/ServiceProviderAggregate.php(101): WP_Rocket\ServiceProvider\Admin_Subscribers->register()
#1 /home/admin/web/infinitydevz.com/public_html/wp-content/plugins/woocommerce/vendor/league/container/src/Container.php(172): League\Container\ServiceProvider\ServiceProviderAggregate->register('beacon_subscrib...')
#2 /home/admin/web/infinitydevz.com/public_html/wp-content/plugins/wp-rocket/inc/classes/class-plugin.php(183): League\Container\Container->get('beacon_subscrib...')
#3 /home/admin/web/infinitydevz.com/public_html/wp-content/plugins/wp-rocket/inc/main.php(40): WP_Rocket\Plugin->load()
#4 /home/admin/web/infinitydevz.com/public_html/wp-includes/cl in /home/admin/web/infinitydevz.com/public_html/wp-content/plugins/wp-rocket/inc/classes/ServiceProvider/class-admin-subscribers.php on line 41

2020-08-19T12:27:36+00:00 CRITICAL Uncaught Error: Call to undefined method League\Container\Definition\Definition::withArgument() in /home/admin/web/infinitydevz.com/public_html/wp-content/plugins/wp-rocket/inc/classes/ServiceProvider/class-admin-subscribers.php:41
Stack trace:
#0 /home/admin/web/infinitydevz.com/public_html/wp-content/plugins/woocommerce/vendor/league/container/src/ServiceProvider/ServiceProviderAggregate.php(101): WP_Rocket\ServiceProvider\Admin_Subscribers->register()
#1 /home/admin/web/infinitydevz.com/public_html/wp-content/plugins/woocommerce/vendor/league/container/src/Container.php(172): League\Container\ServiceProvider\ServiceProviderAggregate->register('beacon_subscrib...')
#2 /home/admin/web/infinitydevz.com/public_html/wp-content/plugins/wp-rocket/inc/classes/class-plugin.php(183): League\Container\Container->get('beacon_subscrib...')
#3 /home/admin/web/infinitydevz.com/public_html/wp-content/plugins/wp-rocket/inc/main.php(40): WP_Rocket\Plugin->load()
#4 /home/admin/web/infinitydevz.com/public_html/wp-includes/cl in /home/admin/web/infinitydevz.com/public_html/wp-content/plugins/wp-rocket/inc/classes/ServiceProvider/class-admin-subscribers.php on line 41

2020-08-19T12:27:44+00:00 CRITICAL Uncaught Error: Call to undefined method League\Container\Definition\Definition::withArgument() in /home/admin/web/infinitydevz.com/public_html/wp-content/plugins/wp-rocket/inc/classes/ServiceProvider/class-admin-subscribers.php:41
Stack trace:
#0 /home/admin/web/infinitydevz.com/public_html/wp-content/plugins/woocommerce/vendor/league/container/src/ServiceProvider/ServiceProviderAggregate.php(101): WP_Rocket\ServiceProvider\Admin_Subscribers->register()
#1 /home/admin/web/infinitydevz.com/public_html/wp-content/plugins/woocommerce/vendor/league/container/src/Container.php(172): League\Container\ServiceProvider\ServiceProviderAggregate->register('beacon_subscrib...')
#2 /home/admin/web/infinitydevz.com/public_html/wp-content/plugins/wp-rocket/inc/classes/class-plugin.php(183): League\Container\Container->get('beacon_subscrib...')
#3 /home/admin/web/infinitydevz.com/public_html/wp-content/plugins/wp-rocket/inc/main.php(40): WP_Rocket\Plugin->load()
#4 /home/admin/web/infinitydevz.com/public_html/wp-includes/cl in /home/admin/web/infinitydevz.com/public_html/wp-content/plugins/wp-rocket/inc/classes/ServiceProvider/class-admin-subscribers.php on line 41

2020-08-19T12:27:44+00:00 CRITICAL Uncaught Error: Call to undefined method League\Container\Definition\Definition::withArgument() in /home/admin/web/infinitydevz.com/public_html/wp-content/plugins/wp-rocket/inc/classes/ServiceProvider/class-admin-subscribers.php:41
Stack trace:
#0 /home/admin/web/infinitydevz.com/public_html/wp-content/plugins/woocommerce/vendor/league/container/src/ServiceProvider/ServiceProviderAggregate.php(101): WP_Rocket\ServiceProvider\Admin_Subscribers->register()
#1 /home/admin/web/infinitydevz.com/public_html/wp-content/plugins/woocommerce/vendor/league/container/src/Container.php(172): League\Container\ServiceProvider\ServiceProviderAggregate->register('beacon_subscrib...')
#2 /home/admin/web/infinitydevz.com/public_html/wp-content/plugins/wp-rocket/inc/classes/class-plugin.php(183): League\Container\Container->get('beacon_subscrib...')
#3 /home/admin/web/infinitydevz.com/public_html/wp-content/plugins/wp-rocket/inc/main.php(40): WP_Rocket\Plugin->load()
#4 /home/admin/web/infinitydevz.com/public_html/wp-includes/cl in /home/admin/web/infinitydevz.com/public_html/wp-content/plugins/wp-rocket/inc/classes/ServiceProvider/class-admin-subscribers.php on line 41

2020-08-19T12:28:25+00:00 CRITICAL Uncaught Error: Call to undefined method League\Container\Definition\Definition::withArgument() in /home/admin/web/infinitydevz.com/public_html/wp-content/plugins/wp-rocket/inc/classes/ServiceProvider/class-admin-subscribers.php:41
Stack trace:
#0 /home/admin/web/infinitydevz.com/public_html/wp-content/plugins/woocommerce/vendor/league/container/src/ServiceProvider/ServiceProviderAggregate.php(101): WP_Rocket\ServiceProvider\Admin_Subscribers->register()
#1 /home/admin/web/infinitydevz.com/public_html/wp-content/plugins/woocommerce/vendor/league/container/src/Container.php(172): League\Container\ServiceProvider\ServiceProviderAggregate->register('beacon_subscrib...')
#2 /home/admin/web/infinitydevz.com/public_html/wp-content/plugins/wp-rocket/inc/classes/class-plugin.php(183): League\Container\Container->get('beacon_subscrib...')
#3 /home/admin/web/infinitydevz.com/public_html/wp-content/plugins/wp-rocket/inc/main.php(40): WP_Rocket\Plugin->load()
#4 /home/admin/web/infinitydevz.com/public_html/wp-includes/cl in /home/admin/web/infinitydevz.com/public_html/wp-content/plugins/wp-rocket/inc/classes/ServiceProvider/class-admin-subscribers.php on line 41

2020-08-19T12:28:49+00:00 CRITICAL Uncaught Error: Call to undefined method League\Container\Definition\Definition::withArgument() in /home/admin/web/infinitydevz.com/public_html/wp-content/plugins/wp-rocket/inc/classes/ServiceProvider/class-admin-subscribers.php:41
Stack trace:
#0 /home/admin/web/infinitydevz.com/public_html/wp-content/plugins/woocommerce/vendor/league/container/src/ServiceProvider/ServiceProviderAggregate.php(101): WP_Rocket\ServiceProvider\Admin_Subscribers->register()
#1 /home/admin/web/infinitydevz.com/public_html/wp-content/plugins/woocommerce/vendor/league/container/src/Container.php(172): League\Container\ServiceProvider\ServiceProviderAggregate->register('beacon_subscrib...')
#2 /home/admin/web/infinitydevz.com/public_html/wp-content/plugins/wp-rocket/inc/classes/class-plugin.php(183): League\Container\Container->get('beacon_subscrib...')
#3 /home/admin/web/infinitydevz.com/public_html/wp-content/plugins/wp-rocket/inc/main.php(40): WP_Rocket\Plugin->load()
#4 /home/admin/web/infinitydevz.com/public_html/wp-includes/cl in /home/admin/web/infinitydevz.com/public_html/wp-content/plugins/wp-rocket/inc/classes/ServiceProvider/class-admin-subscribers.php on line 41

2020-08-19T12:28:54+00:00 CRITICAL Uncaught Error: Call to undefined method League\Container\Definition\Definition::withArgument() in /home/admin/web/infinitydevz.com/public_html/wp-content/plugins/wp-rocket/inc/classes/ServiceProvider/class-admin-subscribers.php:41
Stack trace:
#0 /home/admin/web/infinitydevz.com/public_html/wp-content/plugins/woocommerce/vendor/league/container/src/ServiceProvider/ServiceProviderAggregate.php(101): WP_Rocket\ServiceProvider\Admin_Subscribers->register()
#1 /home/admin/web/infinitydevz.com/public_html/wp-content/plugins/woocommerce/vendor/league/container/src/Container.php(172): League\Container\ServiceProvider\ServiceProviderAggregate->register('beacon_subscrib...')
#2 /home/admin/web/infinitydevz.com/public_html/wp-content/plugins/wp-rocket/inc/classes/class-plugin.php(183): League\Container\Container->get('beacon_subscrib...')
#3 /home/admin/web/infinitydevz.com/public_html/wp-content/plugins/wp-rocket/inc/main.php(40): WP_Rocket\Plugin->load()
#4 /home/admin/web/infinitydevz.com/public_html/wp-includes/cl in /home/admin/web/infinitydevz.com/public_html/wp-content/plugins/wp-rocket/inc/classes/ServiceProvider/class-admin-subscribers.php on line 41

2020-08-19T12:29:05+00:00 CRITICAL Uncaught Error: Call to undefined method League\Container\Definition\Definition::withArgument() in /home/admin/web/infinitydevz.com/public_html/wp-content/plugins/wp-rocket/inc/classes/ServiceProvider/class-optimization-subscribers.php:50
Stack trace:
#0 /home/admin/web/infinitydevz.com/public_html/wp-content/plugins/woocommerce/vendor/league/container/src/ServiceProvider/ServiceProviderAggregate.php(101): WP_Rocket\ServiceProvider\Optimization_Subscribers->register()
#1 /home/admin/web/infinitydevz.com/public_html/wp-content/plugins/woocommerce/vendor/league/container/src/Container.php(172): League\Container\ServiceProvider\ServiceProviderAggregate->register('buffer_subscrib...')
#2 /home/admin/web/infinitydevz.com/public_html/wp-content/plugins/wp-rocket/inc/classes/class-plugin.php(183): League\Container\Container->get('buffer_subscrib...')
#3 /home/admin/web/infinitydevz.com/public_html/wp-content/plugins/wp-rocket/inc/main.php(40): WP_Rocket\Plugin->load()
#4 /home/admin/web/infinitydevz.com/public_html/ in /home/admin/web/infinitydevz.com/public_html/wp-content/plugins/wp-rocket/inc/classes/ServiceProvider/class-optimization-subscribers.php on line 50

2020-08-19T12:29:33+00:00 CRITICAL Uncaught Error: Call to undefined method League\Container\Definition\Definition::withArgument() in /home/admin/web/infinitydevz.com/public_html/wp-content/plugins/wp-rocket/inc/classes/ServiceProvider/class-optimization-subscribers.php:50
Stack trace:
#0 /home/admin/web/infinitydevz.com/public_html/wp-content/plugins/woocommerce/vendor/league/container/src/ServiceProvider/ServiceProviderAggregate.php(101): WP_Rocket\ServiceProvider\Optimization_Subscribers->register()
#1 /home/admin/web/infinitydevz.com/public_html/wp-content/plugins/woocommerce/vendor/league/container/src/Container.php(172): League\Container\ServiceProvider\ServiceProviderAggregate->register('buffer_subscrib...')
#2 /home/admin/web/infinitydevz.com/public_html/wp-content/plugins/wp-rocket/inc/classes/class-plugin.php(183): League\Container\Container->get('buffer_subscrib...')
#3 /home/admin/web/infinitydevz.com/public_html/wp-content/plugins/wp-rocket/inc/main.php(40): WP_Rocket\Plugin->load()
#4 /home/admin/web/infinitydevz.com/public_html/ in /home/admin/web/infinitydevz.com/public_html/wp-content/plugins/wp-rocket/inc/classes/ServiceProvider/class-optimization-subscribers.php on line 50

2020-08-19T12:29:44+00:00 CRITICAL Uncaught Error: Call to undefined method League\Container\Definition\Definition::withArgument() in /home/admin/web/infinitydevz.com/public_html/wp-content/plugins/wp-rocket/inc/classes/ServiceProvider/class-admin-subscribers.php:41
Stack trace:
#0 /home/admin/web/infinitydevz.com/public_html/wp-content/plugins/woocommerce/vendor/league/container/src/ServiceProvider/ServiceProviderAggregate.php(101): WP_Rocket\ServiceProvider\Admin_Subscribers->register()
#1 /home/admin/web/infinitydevz.com/public_html/wp-content/plugins/woocommerce/vendor/league/container/src/Container.php(172): League\Container\ServiceProvider\ServiceProviderAggregate->register('beacon_subscrib...')
#2 /home/admin/web/infinitydevz.com/public_html/wp-content/plugins/wp-rocket/inc/classes/class-plugin.php(183): League\Container\Container->get('beacon_subscrib...')
#3 /home/admin/web/infinitydevz.com/public_html/wp-content/plugins/wp-rocket/inc/main.php(40): WP_Rocket\Plugin->load()
#4 /home/admin/web/infinitydevz.com/public_html/wp-includes/cl in /home/admin/web/infinitydevz.com/public_html/wp-content/plugins/wp-rocket/inc/classes/ServiceProvider/class-admin-subscribers.php on line 41

2020-08-19T12:57:00+00:00 CRITICAL Uncaught Error: Call to undefined method League\Container\Definition\Definition::withArgument() in /home/admin/web/infinitydevz.com/public_html/wp-content/plugins/wp-rocket/inc/classes/ServiceProvider/class-admin-subscribers.php:41
Stack trace:
#0 /home/admin/web/infinitydevz.com/public_html/wp-content/plugins/woocommerce/vendor/league/container/src/ServiceProvider/ServiceProviderAggregate.php(101): WP_Rocket\ServiceProvider\Admin_Subscribers->register()
#1 /home/admin/web/infinitydevz.com/public_html/wp-content/plugins/woocommerce/vendor/league/container/src/Container.php(172): League\Container\ServiceProvider\ServiceProviderAggregate->register('beacon_subscrib...')
#2 /home/admin/web/infinitydevz.com/public_html/wp-content/plugins/wp-rocket/inc/classes/class-plugin.php(183): League\Container\Container->get('beacon_subscrib...')
#3 /home/admin/web/infinitydevz.com/public_html/wp-content/plugins/wp-rocket/inc/main.php(40): WP_Rocket\Plugin->load()
#4 /home/admin/web/infinitydevz.com/public_html/wp-includes/cl in /home/admin/web/infinitydevz.com/public_html/wp-content/plugins/wp-rocket/inc/classes/ServiceProvider/class-admin-subscribers.php on line 41

2020-08-19T12:58:56+00:00 CRITICAL Uncaught Error: Call to undefined method League\Container\Definition\Definition::withArgument() in /home/admin/web/infinitydevz.com/public_html/wp-content/plugins/wp-rocket/inc/classes/ServiceProvider/class-admin-subscribers.php:41
Stack trace:
#0 /home/admin/web/infinitydevz.com/public_html/wp-content/plugins/woocommerce/vendor/league/container/src/ServiceProvider/ServiceProviderAggregate.php(101): WP_Rocket\ServiceProvider\Admin_Subscribers->register()
#1 /home/admin/web/infinitydevz.com/public_html/wp-content/plugins/woocommerce/vendor/league/container/src/Container.php(172): League\Container\ServiceProvider\ServiceProviderAggregate->register('beacon_subscrib...')
#2 /home/admin/web/infinitydevz.com/public_html/wp-content/plugins/wp-rocket/inc/classes/class-plugin.php(183): League\Container\Container->get('beacon_subscrib...')
#3 /home/admin/web/infinitydevz.com/public_html/wp-content/plugins/wp-rocket/inc/main.php(40): WP_Rocket\Plugin->load()
#4 /home/admin/web/infinitydevz.com/public_html/wp-includes/cl in /home/admin/web/infinitydevz.com/public_html/wp-content/plugins/wp-rocket/inc/classes/ServiceProvider/class-admin-subscribers.php on line 41

2020-08-19T12:59:00+00:00 CRITICAL Uncaught Error: Call to undefined method League\Container\Definition\Definition::withArgument() in /home/admin/web/infinitydevz.com/public_html/wp-content/plugins/wp-rocket/inc/classes/ServiceProvider/class-admin-subscribers.php:41
Stack trace:
#0 /home/admin/web/infinitydevz.com/public_html/wp-content/plugins/woocommerce/vendor/league/container/src/ServiceProvider/ServiceProviderAggregate.php(101): WP_Rocket\ServiceProvider\Admin_Subscribers->register()
#1 /home/admin/web/infinitydevz.com/public_html/wp-content/plugins/woocommerce/vendor/league/container/src/Container.php(172): League\Container\ServiceProvider\ServiceProviderAggregate->register('beacon_subscrib...')
#2 /home/admin/web/infinitydevz.com/public_html/wp-content/plugins/wp-rocket/inc/classes/class-plugin.php(183): League\Container\Container->get('beacon_subscrib...')
#3 /home/admin/web/infinitydevz.com/public_html/wp-content/plugins/wp-rocket/inc/main.php(40): WP_Rocket\Plugin->load()
#4 /home/admin/web/infinitydevz.com/public_html/wp-includes/cl in /home/admin/web/infinitydevz.com/public_html/wp-content/plugins/wp-rocket/inc/classes/ServiceProvider/class-admin-subscribers.php on line 41

2020-08-19T12:59:03+00:00 CRITICAL Uncaught Error: Call to undefined method League\Container\Definition\Definition::withArgument() in /home/admin/web/infinitydevz.com/public_html/wp-content/plugins/wp-rocket/inc/classes/ServiceProvider/class-admin-subscribers.php:41
Stack trace:
#0 /home/admin/web/infinitydevz.com/public_html/wp-content/plugins/woocommerce/vendor/league/container/src/ServiceProvider/ServiceProviderAggregate.php(101): WP_Rocket\ServiceProvider\Admin_Subscribers->register()
#1 /home/admin/web/infinitydevz.com/public_html/wp-content/plugins/woocommerce/vendor/league/container/src/Container.php(172): League\Container\ServiceProvider\ServiceProviderAggregate->register('beacon_subscrib...')
#2 /home/admin/web/infinitydevz.com/public_html/wp-content/plugins/wp-rocket/inc/classes/class-plugin.php(183): League\Container\Container->get('beacon_subscrib...')
#3 /home/admin/web/infinitydevz.com/public_html/wp-content/plugins/wp-rocket/inc/main.php(40): WP_Rocket\Plugin->load()
#4 /home/admin/web/infinitydevz.com/public_html/wp-includes/cl in /home/admin/web/infinitydevz.com/public_html/wp-content/plugins/wp-rocket/inc/classes/ServiceProvider/class-admin-subscribers.php on line 41

